[INFO] Scanning for projects...
[INFO] 
[INFO] ---------------------< com.flowcenter:flow-center >---------------------
[INFO] Building flow-center 0.0.1-SNAPSHOT
[INFO]   from pom.xml
[INFO] --------------------------------[ jar ]---------------------------------
[INFO] 
[INFO] >>> spring-boot:2.7.18:run (default-cli) > test-compile @ flow-center >>>
[INFO] 
[INFO] --- resources:3.2.0:resources (default-resources) @ flow-center ---
[INFO] Using 'UTF-8' encoding to copy filtered resources.
[INFO] Using 'UTF-8' encoding to copy filtered properties files.
[INFO] Copying 1 resource
[INFO] Copying 23 resources
[INFO] 
[INFO] --- compiler:3.10.1:compile (default-compile) @ flow-center ---
[INFO] Nothing to compile - all classes are up to date
[INFO] 
[INFO] --- resources:3.2.0:testResources (default-testResources) @ flow-center ---
[INFO] Using 'UTF-8' encoding to copy filtered resources.
[INFO] Using 'UTF-8' encoding to copy filtered properties files.
[INFO] skip non existing resourceDirectory D:\idea-code\FlowCenter\src\test\resources
[INFO] 
[INFO] --- compiler:3.10.1:testCompile (default-testCompile) @ flow-center ---
[INFO] No sources to compile
[INFO] 
[INFO] <<< spring-boot:2.7.18:run (default-cli) < test-compile @ flow-center <<<
[INFO] 
[INFO] 
[INFO] --- spring-boot:2.7.18:run (default-cli) @ flow-center ---
[INFO] Attaching agents: []

  .   ____          _            __ _ _
 /\\ / ___'_ __ _ _(_)_ __  __ _ \ \ \ \
( ( )\___ | '_ | '_| | '_ \/ _` | \ \ \ \
 \\/  ___)| |_)| | | | | || (_| |  ) ) ) )
  '  |____| .__|_| |_|_| |_\__, | / / / /
 =========|_|==============|___/=/_/_/_/
 :: Spring Boot ::               (v2.7.18)

2026-03-03 17:30:34.483  INFO 6920 --- [           main] com.flowcenter.FlowCenterApplication     : Starting FlowCenterApplication using Java 1.8.0_441 on liuxinsheng with PID 6920 (D:\idea-code\FlowCenter\target\classes started by nb-liuxinsheng in D:\idea-code\FlowCenter)
2026-03-03 17:30:34.484  INFO 6920 --- [           main] com.flowcenter.FlowCenterApplication     : No active profile set, falling back to 1 default profile: "default"
2026-03-03 17:30:35.741  INFO 6920 --- [           main] o.s.b.w.embedded.tomcat.TomcatWebServer  : Tomcat initialized with port(s): 8080 (http)
2026-03-03 17:30:35.748  INFO 6920 --- [           main] o.apache.catalina.core.StandardService   : Starting service [Tomcat]
2026-03-03 17:30:35.749  INFO 6920 --- [           main] org.apache.catalina.core.StandardEngine  : Starting Servlet engine: [Apache Tomcat/9.0.83]
2026-03-03 17:30:35.872  INFO 6920 --- [           main] o.a.c.c.C.[Tomcat].[localhost].[/]       : Initializing Spring embedded WebApplicationContext
2026-03-03 17:30:35.872  INFO 6920 --- [           main] w.s.c.ServletWebServerApplicationContext : Root WebApplicationContext: initialization completed in 1357 ms
 _ _   |_  _ _|_. ___ _ |    _ 
| | |\/|_)(_| | |_\  |_)||_|_\ 
     /               |         
                        3.4.3.4 
2026-03-03 17:30:37.860  INFO 6920 --- [           main] com.zaxxer.hikari.HikariDataSource       : HikariPool-1 - Starting...
2026-03-03 17:30:38.546  INFO 6920 --- [           main] com.zaxxer.hikari.HikariDataSource       : HikariPool-1 - Start completed.
2026-03-03 17:30:39.103  INFO 6920 --- [           main] o.f.engine.impl.ProcessEngineImpl        : ProcessEngine default created
2026-03-03 17:30:39.127  INFO 6920 --- [           main] o.f.e.impl.cmd.ValidateV5EntitiesCmd     : Total of v5 deployments found: 0
2026-03-03 17:30:39.230  INFO 6920 --- [           main] o.s.b.a.w.s.WelcomePageHandlerMapping    : Adding welcome page: class path resource [static/index.html]
2026-03-03 17:30:39.384  INFO 6920 --- [           main] o.s.b.w.embedded.tomcat.TomcatWebServer  : Tomcat started on port(s): 8080 (http) with context path ''
2026-03-03 17:30:39.394  INFO 6920 --- [           main] com.flowcenter.FlowCenterApplication     : Started FlowCenterApplication in 5.161 seconds (JVM running for 5.458)
2026-03-03 17:33:09.625  INFO 6920 --- [nio-8080-exec-1] o.a.c.c.C.[Tomcat].[localhost].[/]       : Initializing Spring DispatcherServlet 'dispatcherServlet'
2026-03-03 17:33:09.625  INFO 6920 --- [nio-8080-exec-1] o.s.web.servlet.DispatcherServlet        : Initializing Servlet 'dispatcherServlet'
2026-03-03 17:33:09.626  INFO 6920 --- [nio-8080-exec-1] o.s.web.servlet.DispatcherServlet        : Completed initialization in 1 ms
